2015-07-06T15:51:40.126Z - info: Express server listening on port 1337
2015-07-06T15:51:48.257Z - info: Connected to DB!
2015-07-06T17:39:53.621Z - info: Express server listening on port 1337
2015-07-06T17:39:54.669Z - info: Connected to DB!
2015-07-06T18:11:29.448Z - info: Express server listening on port 1337
2015-07-06T18:11:30.552Z - info: Connected to DB!
2015-07-06T18:19:36.146Z - info: Express server listening on port 1337
2015-07-06T18:19:37.180Z - info: Connected to DB!
2015-07-06T18:20:23.026Z - info: Express server listening on port 1337
2015-07-06T18:20:24.007Z - info: Connected to DB!
2015-07-06T18:22:09.687Z - info: Express server listening on port 1337
2015-07-06T18:22:10.736Z - info: Connected to DB!
2015-07-06T18:24:04.615Z - info: Express server listening on port 1337
2015-07-06T18:24:05.645Z - info: Connected to DB!
2015-07-06T18:27:04.738Z - info: Express server listening on port 1337
2015-07-06T18:27:05.767Z - info: Connected to DB!
2015-07-06T18:27:53.189Z - info: Express server listening on port 1337
2015-07-06T18:27:54.198Z - info: Connected to DB!
2015-07-06T18:28:00.009Z - error: User already exist in database!!!
2015-07-06T18:28:31.680Z - info: Express server listening on port 1337
2015-07-06T18:28:32.703Z - info: Connected to DB!
2015-07-06T18:28:38.460Z - info: User successfully added!
2015-07-06T18:28:43.305Z - error: User already exist in database!!!
2015-07-06T18:28:48.526Z - error: User already exist in database!!!
2015-07-06T18:30:19.346Z - info: Express server listening on port 1337
2015-07-06T18:30:20.375Z - info: Connected to DB!
2015-07-06T18:30:27.009Z - info: User successfully added!
2015-07-06T18:32:05.538Z - info: Express server listening on port 1337
2015-07-06T18:32:06.568Z - info: Connected to DB!
2015-07-06T18:32:14.412Z - error: User already exist in database!!!
2015-07-06T18:33:55.252Z - info: Express server listening on port 1337
2015-07-06T18:33:56.326Z - info: Connected to DB!
2015-07-06T18:34:04.398Z - info: User successfully added!
2015-07-06T18:34:16.195Z - error: User already exist in database!!!
2015-07-06T18:45:07.010Z - info: Express server listening on port 1337
2015-07-06T18:45:10.665Z - info: Connected to DB!
2015-07-06T18:47:10.895Z - error: Internal error(500): Unknown authentication strategy "local-login"
2015-07-06T18:52:22.668Z - info: Express server listening on port 1337
2015-07-06T18:52:23.808Z - info: Connected to DB!
2015-07-06T18:53:49.725Z - info: Express server listening on port 1337
2015-07-06T18:53:50.977Z - info: Connected to DB!
2015-07-06T18:54:29.629Z - info: Express server listening on port 1337
2015-07-06T18:54:30.677Z - info: Connected to DB!
2015-07-06T18:56:14.766Z - info: Express server listening on port 1337
2015-07-06T18:56:15.845Z - info: Connected to DB!
2015-07-06T18:57:00.971Z - info: Express server listening on port 1337
2015-07-06T18:57:01.955Z - info: Connected to DB!
2015-07-06T18:58:35.659Z - info: Express server listening on port 1337
2015-07-06T18:58:36.705Z - info: Connected to DB!
2015-07-06T19:00:59.077Z - info: Express server listening on port 1337
2015-07-06T19:01:00.263Z - info: Connected to DB!
2015-07-06T19:01:29.333Z - info: Express server listening on port 1337
2015-07-06T19:01:30.318Z - info: Connected to DB!
2015-07-06T19:48:42.444Z - info: Express server listening on port 1337
2015-07-06T19:48:43.647Z - info: Connected to DB!
2015-07-06T19:51:09.421Z - info: Express server listening on port 1337
2015-07-06T19:51:10.441Z - info: Connected to DB!
2015-07-06T19:51:38.776Z - info: Express server listening on port 1337
2015-07-06T19:51:39.758Z - info: Connected to DB!
2015-07-06T19:51:41.416Z - error: Internal error(500): Cannot find module 'ejs'
2015-07-06T20:07:32.290Z - info: Express server listening on port 1337
2015-07-06T20:07:33.395Z - info: Connected to DB!
2015-07-06T20:10:24.244Z - info: Express server listening on port 1337
2015-07-06T20:10:25.761Z - info: Connected to DB!
2015-07-06T20:11:01.166Z - info: Express server listening on port 1337
2015-07-06T20:11:02.296Z - info: Connected to DB!
2015-07-06T20:11:03.394Z - error: Internal error(500): d:\DailyTimer\views\login.ejs:20
    18| 
    19| 	<!-- show any messages that come back with authentication -->
 >> 20| 	<% if (message.length > 0) { %>
    21| 		<div class="alert alert-danger"><%= message %></div>
    22| 	<% } %>
    23| 

message is not defined
2015-07-06T20:11:18.593Z - error: Internal error(500): d:\DailyTimer\views\login.ejs:20
    18| 
    19| 	<!-- show any messages that come back with authentication -->
 >> 20| 	<% if (message.length > 0) { %>
    21| 		<div class="alert alert-danger"><%= message %></div>
    22| 	<% } %>
    23| 

message is not defined
2015-07-06T20:12:03.793Z - error: Internal error(500): d:\DailyTimer\views\login.ejs:20
    18| 
    19| 	<!-- show any messages that come back with authentication -->
 >> 20| 	<% if (message.length > 0) { %>
    21| 		<div class="alert alert-danger"><%= message %></div>
    22| 	<% } %>
    23| 

message is not defined
2015-07-06T20:12:52.018Z - info: Express server listening on port 1337
2015-07-06T20:12:53.230Z - info: Connected to DB!
2015-07-06T20:19:33.872Z - info: Express server listening on port 1337
2015-07-06T20:19:34.918Z - info: Connected to DB!
2015-07-06T20:22:15.541Z - info: Express server listening on port 1337
2015-07-06T20:22:16.689Z - info: Connected to DB!
2015-07-06T20:26:36.968Z - info: Express server listening on port 1337
2015-07-06T20:26:38.074Z - info: Connected to DB!
2015-07-06T20:27:57.583Z - info: Express server listening on port 1337
2015-07-06T20:27:58.587Z - info: Connected to DB!
2015-07-06T20:28:04.394Z - error: User already exist in database!!!
2015-07-06T20:28:34.308Z - info: Express server listening on port 1337
2015-07-06T20:28:35.334Z - info: Connected to DB!
2015-07-06T20:28:40.634Z - error: User already exist in database!!!
2015-07-06T20:29:06.313Z - info: Express server listening on port 1337
2015-07-06T20:29:07.410Z - info: Connected to DB!
2015-07-06T20:30:19.013Z - info: Express server listening on port 1337
2015-07-06T20:30:20.043Z - info: Connected to DB!
2015-07-06T20:30:49.595Z - info: Express server listening on port 1337
2015-07-06T20:30:50.662Z - info: Connected to DB!
2015-07-06T20:31:02.379Z - error: Internal error(500): d:\DailyTimer\views\profile.ejs:42
    40| 
    41|                 <p>
 >> 42|                     <strong>id</strong>: <%= user.facebook.id %><br>
    43|                     <strong>token</strong>: <%= user.facebook.token %><br>
    44|                     <strong>email</strong>: <%= user.facebook.email %><br>
    45|                     <strong>name</strong>: <%= user.facebook.name %>

Cannot read property 'id' of undefined
2015-07-06T20:31:25.188Z - info: Express server listening on port 1337
2015-07-06T20:31:26.302Z - info: Connected to DB!
2015-07-06T20:31:33.376Z - error: User already exist in database!!!
2015-07-06T20:59:09.794Z - info: Express server listening on port 1337
2015-07-06T20:59:10.813Z - info: Connected to DB!
2015-07-06T21:01:02.803Z - info: Express server listening on port 1337
2015-07-06T21:01:03.865Z - info: Connected to DB!
2015-07-06T21:07:41.448Z - info: Express server listening on port 1337
2015-07-06T21:07:42.556Z - info: Connected to DB!
2015-07-06T21:08:23.699Z - info: Express server listening on port 1337
2015-07-06T21:08:24.810Z - info: Connected to DB!
2015-07-06T21:09:22.465Z - info: Express server listening on port 1337
2015-07-06T21:09:23.557Z - info: Connected to DB!
2015-07-06T21:10:48.501Z - info: Express server listening on port 1337
2015-07-06T21:10:49.832Z - info: Connected to DB!
2015-07-06T21:11:40.034Z - info: Express server listening on port 1337
2015-07-06T21:11:41.392Z - info: Connected to DB!
2015-07-06T21:13:06.996Z - info: Express server listening on port 1337
2015-07-06T21:13:08.104Z - info: Connected to DB!
2015-07-06T21:24:14.157Z - info: Express server listening on port 1337
2015-07-06T21:24:16.216Z - info: Connected to DB!
2015-07-06T21:24:19.765Z - error: Internal error(500): undefined is not a function
2015-07-06T21:24:33.490Z - error: Internal error(500): undefined is not a function
2015-07-06T21:25:29.522Z - info: Express server listening on port 1337
2015-07-06T21:25:30.605Z - info: Connected to DB!
2015-07-06T21:26:11.658Z - info: Express server listening on port 1337
2015-07-06T21:26:13.096Z - info: Connected to DB!
2015-07-06T21:26:25.725Z - info: User successfully added!
2015-07-06T21:33:58.764Z - info: Express server listening on port 1337
2015-07-06T21:33:59.810Z - info: Connected to DB!
2015-07-06T21:35:08.802Z - info: Express server listening on port 1337
2015-07-06T21:35:09.786Z - info: Connected to DB!
2015-07-06T21:51:58.339Z - info: Express server listening on port 1337
2015-07-06T21:51:59.426Z - info: Connected to DB!
2015-07-06T21:53:51.188Z - info: Express server listening on port 1337
2015-07-06T21:53:53.039Z - info: Connected to DB!
2015-07-06T21:54:45.720Z - info: Express server listening on port 1337
2015-07-06T21:54:46.982Z - info: Connected to DB!
2015-07-06T21:56:59.925Z - info: Express server listening on port 1337
2015-07-06T21:57:01.242Z - info: Connected to DB!
2015-07-06T22:00:45.758Z - info: Express server listening on port 1337
2015-07-06T22:00:47.090Z - info: Connected to DB!
2015-07-06T22:05:39.654Z - info: Express server listening on port 1337
2015-07-06T22:05:40.776Z - info: Connected to DB!
2015-07-06T22:07:07.008Z - info: Express server listening on port 1337
2015-07-06T22:07:08.058Z - info: Connected to DB!
2015-07-06T22:33:01.890Z - info: Express server listening on port 1337
2015-07-06T22:33:02.924Z - info: Connected to DB!
2015-07-06T22:43:55.470Z - info: Express server listening on port 1337
2015-07-06T22:43:56.778Z - info: Connected to DB!
2015-07-06T23:03:25.540Z - info: Express server listening on port 1337
2015-07-06T23:03:26.663Z - info: Connected to DB!
2015-07-06T23:12:22.852Z - info: Express server listening on port 1337
2015-07-06T23:12:24.027Z - info: Connected to DB!
2015-07-06T23:14:45.797Z - info: Express server listening on port 1337
2015-07-06T23:14:46.902Z - info: Connected to DB!
2015-07-07T08:11:09.381Z - info: Express server listening on port 1337
2015-07-07T08:11:10.410Z - info: Connected to DB!
2015-07-07T08:22:43.131Z - info: Express server listening on port 1337
2015-07-07T08:22:44.240Z - info: Connected to DB!
2015-07-07T08:23:45.132Z - info: Express server listening on port 1337
2015-07-07T08:23:46.104Z - info: Connected to DB!
2015-07-07T08:24:15.608Z - info: Express server listening on port 1337
2015-07-07T08:24:16.642Z - info: Connected to DB!
2015-07-07T08:35:21.511Z - info: Express server listening on port 1337
2015-07-07T08:35:22.615Z - info: Connected to DB!
2015-07-07T08:38:50.064Z - info: Express server listening on port 1337
2015-07-07T08:38:51.156Z - info: Connected to DB!
2015-07-07T08:43:13.061Z - info: Express server listening on port 1337
2015-07-07T08:43:14.530Z - info: Connected to DB!
2015-07-07T08:43:19.129Z - info: /schedules access_token 559b8cd0ddbce5c41e6f9f68
2015-07-07T09:20:29.653Z - info: Express server listening on port 1337
2015-07-07T09:20:30.690Z - info: Connected to DB!
2015-07-07T09:22:58.508Z - info: Express server listening on port 1337
2015-07-07T09:22:59.670Z - info: Connected to DB!
2015-07-07T09:24:40.783Z - info: Express server listening on port 1337
2015-07-07T09:24:41.923Z - info: Connected to DB!
2015-07-07T09:25:13.355Z - info: Express server listening on port 1337
2015-07-07T09:25:14.442Z - info: Connected to DB!
2015-07-07T09:27:56.445Z - error: Internal error(500): Unexpected token if in d:\DailyTimer\views\profile.ejs while compiling ejs
2015-07-07T09:29:18.854Z - info: Express server listening on port 1337
2015-07-07T09:29:19.983Z - info: Connected to DB!
2015-07-07T09:33:16.464Z - info: Express server listening on port 1337
2015-07-07T09:33:17.526Z - info: Connected to DB!
2015-07-07T09:35:46.039Z - info: Express server listening on port 1337
2015-07-07T09:35:47.171Z - info: Connected to DB!
2015-07-07T09:40:35.606Z - info: Express server listening on port 1337
2015-07-07T09:40:36.658Z - info: Connected to DB!
2015-07-07T09:45:03.038Z - info: Express server listening on port 1337
2015-07-07T09:45:04.158Z - info: Connected to DB!
2015-07-07T09:45:27.125Z - info: /schedules access_token Zh99E8ihlcRZZ9gwWxtw7z0Dt0EFLJCw
2015-07-07T09:46:17.885Z - info: /schedules access_token Zh99E8ihlcRZZ9gwWxtw7z0Dt0EFLJCw
2015-07-07T09:50:15.066Z - info: Express server listening on port 1337
2015-07-07T09:50:16.278Z - info: Connected to DB!
2015-07-07T09:50:33.699Z - info: Express server listening on port 1337
2015-07-07T09:50:34.763Z - info: Connected to DB!
2015-07-07T09:51:23.754Z - info: Express server listening on port 1337
2015-07-07T09:51:24.832Z - info: Connected to DB!
2015-07-07T09:52:36.227Z - info: Express server listening on port 1337
2015-07-07T09:52:37.321Z - info: Connected to DB!
2015-07-07T10:00:42.880Z - info: Express server listening on port 1337
2015-07-07T10:00:43.893Z - info: Connected to DB!
2015-07-07T10:07:59.717Z - info: Express server listening on port 1337
2015-07-07T10:08:00.827Z - info: Connected to DB!
2015-07-07T10:10:34.004Z - info: Express server listening on port 1337
2015-07-07T10:10:35.067Z - info: Connected to DB!
2015-07-07T10:13:54.900Z - info: Express server listening on port 1337
2015-07-07T10:13:56.007Z - info: Connected to DB!
2015-07-07T10:18:29.027Z - info: Express server listening on port 1337
2015-07-07T10:18:30.072Z - info: Connected to DB!
2015-07-07T10:21:42.509Z - info: Express server listening on port 1337
2015-07-07T10:21:43.600Z - info: Connected to DB!
2015-07-07T10:22:26.197Z - info: Express server listening on port 1337
2015-07-07T10:22:27.201Z - info: Connected to DB!
2015-07-07T10:27:39.251Z - info: Express server listening on port 1337
2015-07-07T10:27:40.312Z - info: Connected to DB!
2015-07-07T10:35:02.386Z - info: Express server listening on port 1337
2015-07-07T10:35:03.464Z - info: Connected to DB!
2015-07-07T10:45:30.427Z - info: Express server listening on port 1337
2015-07-07T10:45:31.466Z - info: Connected to DB!
2015-07-07T10:49:31.620Z - info: Express server listening on port 1337
2015-07-07T10:49:32.836Z - info: Connected to DB!
2015-07-07T10:54:24.894Z - info: Express server listening on port 1337
2015-07-07T10:54:25.939Z - info: Connected to DB!
2015-07-07T11:02:58.420Z - info: Express server listening on port 1337
2015-07-07T11:03:00.717Z - info: Connected to DB!
2015-07-07T11:05:28.910Z - info: Express server listening on port 1337
2015-07-07T11:05:30.048Z - info: Connected to DB!
2015-07-07T11:07:49.750Z - info: Express server listening on port 1337
2015-07-07T11:07:50.904Z - info: Connected to DB!
2015-07-07T11:26:29.167Z - info: Express server listening on port 1337
2015-07-07T11:26:30.197Z - info: Connected to DB!
2015-07-07T11:26:37.125Z - error: Internal error(500): Cannot read property '_id' of undefined
2015-07-07T11:28:23.340Z - info: Express server listening on port 1337
2015-07-07T11:28:24.574Z - info: Connected to DB!
2015-07-07T11:36:34.496Z - info: Express server listening on port 1337
2015-07-07T11:36:35.523Z - info: Connected to DB!
2015-07-07T11:39:21.209Z - info: Express server listening on port 1337
2015-07-07T11:39:22.307Z - info: Connected to DB!
2015-07-07T11:39:43.235Z - info: Express server listening on port 1337
2015-07-07T11:39:44.310Z - info: Connected to DB!
